-------------------------------------------------------------------------------
Test set: cc.mallet.extract.test.TestLatticeViewer
-------------------------------------------------------------------------------
Tests run: 2, Failures: 0, Errors: 2, Skipped: 0, Time elapsed: 0.231 sec <<< FAILURE! - in cc.mallet.extract.test.TestLatticeViewer
testSpaceViewer(cc.mallet.extract.test.TestLatticeViewer)  Time elapsed: 0.019 sec  <<< ERROR!
java.lang.ClassCastException: cc.mallet.extract.StringTokenization (in module: Unnamed Module) cannot be cast to java.lang.CharSequence (in module: java.base)
	at cc.mallet.pipe.CharSequence2TokenSequence.pipe(CharSequence2TokenSequence.java:63)
	at cc.mallet.pipe.Pipe$SimplePipeInstanceIterator.next(Pipe.java:295)
	at cc.mallet.pipe.Pipe$SimplePipeInstanceIterator.next(Pipe.java:283)
	at cc.mallet.pipe.Pipe$SimplePipeInstanceIterator.next(Pipe.java:291)
	at cc.mallet.pipe.Pipe$SimplePipeInstanceIterator.next(Pipe.java:283)
	at cc.mallet.types.InstanceList.addThruPipe(InstanceList.java:267)
	at cc.mallet.extract.CRFExtractor.extract(CRFExtractor.java:151)
	at cc.mallet.extract.test.TestLatticeViewer.testSpaceViewer(TestLatticeViewer.java:65)

testDualSpaceViewer(cc.mallet.extract.test.TestLatticeViewer)  Time elapsed: 0.211 sec  <<< ERROR!
java.lang.ClassCastException: cc.mallet.extract.StringTokenization (in module: Unnamed Module) cannot be cast to java.lang.CharSequence (in module: java.base)
	at cc.mallet.pipe.CharSequence2TokenSequence.pipe(CharSequence2TokenSequence.java:63)
	at cc.mallet.pipe.Pipe$SimplePipeInstanceIterator.next(Pipe.java:295)
	at cc.mallet.pipe.Pipe$SimplePipeInstanceIterator.next(Pipe.java:283)
	at cc.mallet.pipe.Pipe$SimplePipeInstanceIterator.next(Pipe.java:291)
	at cc.mallet.pipe.Pipe$SimplePipeInstanceIterator.next(Pipe.java:283)
	at cc.mallet.types.InstanceList.addThruPipe(InstanceList.java:267)
	at cc.mallet.extract.CRFExtractor.extract(CRFExtractor.java:151)
	at cc.mallet.extract.test.TestLatticeViewer.testDualSpaceViewer(TestLatticeViewer.java:119)

