-------------------------------------------------------------------------------
Test set: cc.mallet.grmm.test.TestListVarSet
-------------------------------------------------------------------------------
Tests run: 11, Failures: 1, Errors: 0, Skipped: 0, Time elapsed: 0.919 sec <<< FAILURE! - in cc.mallet.grmm.test.TestListVarSet
testSerialization(cc.mallet.grmm.test.TestListVarSet)  Time elapsed: 0.844 sec  <<< FAILURE!
junit.framework.AssertionFailedError: null
	at junit.framework.Assert.fail(Assert.java:48)
	at junit.framework.Assert.assertTrue(Assert.java:20)
	at junit.framework.Assert.assertTrue(Assert.java:27)
	at cc.mallet.grmm.test.TestListVarSet.testSerialization(TestListVarSet.java:119)

