-------------------------------------------------------------------------------
Test set: cc.mallet.grmm.test.TestUniNormalFactor
-------------------------------------------------------------------------------
Tests run: 3, Failures: 1, Errors: 0, Skipped: 0, Time elapsed: 0.016 sec <<< FAILURE! - in cc.mallet.grmm.test.TestUniNormalFactor
testSample(cc.mallet.grmm.test.TestUniNormalFactor)  Time elapsed: 0.015 sec  <<< FAILURE!
junit.framework.AssertionFailedError: expected:<1.4142135623730951> but was:<1.436053481288838>
	at junit.framework.Assert.fail(Assert.java:50)
	at junit.framework.Assert.failNotEquals(Assert.java:287)
	at junit.framework.Assert.assertEquals(Assert.java:102)
	at junit.framework.Assert.assertEquals(Assert.java:109)
	at cc.mallet.grmm.test.TestUniNormalFactor.testSample(TestUniNormalFactor.java:65)

