-------------------------------------------------------------------------------
Test set: cc.mallet.grmm.test.TestLogTableFactor
-------------------------------------------------------------------------------
Tests run: 18, Failures: 2, Errors: 0, Skipped: 0, Time elapsed: 0.006 sec <<< FAILURE! - in cc.mallet.grmm.test.TestLogTableFactor
testSparseMultiplyLogSpace(cc.mallet.grmm.test.TestLogTableFactor)  Time elapsed: 0 sec  <<< FAILURE!
junit.framework.AssertionFailedError: Tast failed! Expected: [LogTableFactor : (C VAR27770 VAR27771)] Actual: [LogTableFactor : (C VAR27770 VAR27771)]
	at junit.framework.Assert.fail(Assert.java:50)
	at junit.framework.Assert.assertTrue(Assert.java:20)
	at cc.mallet.grmm.test.TestLogTableFactor.testSparseMultiplyLogSpace(TestLogTableFactor.java:306)

testSparseDivideLogSpace(cc.mallet.grmm.test.TestLogTableFactor)  Time elapsed: 0 sec  <<< FAILURE!
junit.framework.AssertionFailedError: Tast failed! Expected: [LogTableFactor : (C VAR27772 VAR27773)] Actual: [LogTableFactor : (C VAR27772 VAR27773)]
	at junit.framework.Assert.fail(Assert.java:50)
	at junit.framework.Assert.assertTrue(Assert.java:20)
	at cc.mallet.grmm.test.TestLogTableFactor.testSparseDivideLogSpace(TestLogTableFactor.java:328)

