<?xml version="1.0" encoding="UTF-8"?>
<testsuite name="cc.mallet.fst.tests.TestCRF" time="48.935" tests="23" errors="0" skipped="0" failures="4">
  <properties>
[...]
</properties>
  <testcase name="testGetSetParameters" classname="cc.mallet.fst.tests.TestCRF" time="0.009"/>
  <testcase name="testPrint" classname="cc.mallet.fst.tests.TestCRF" time="0.007"/>
  <testcase name="testIncrement" classname="cc.mallet.fst.tests.TestCRF" time="0"/>
  <testcase name="testSumLogProb" classname="cc.mallet.fst.tests.TestCRF" time="0"/>
  <testcase name="testSumLattice" classname="cc.mallet.fst.tests.TestCRF" time="0.001"/>
  <testcase name="testMaxLattice" classname="cc.mallet.fst.tests.TestCRF" time="0"/>
  <testcase name="testCost" classname="cc.mallet.fst.tests.TestCRF" time="0.134">
    <failure message="Value should be 35770 but is-335344.0" type="junit.framework.AssertionFailedError">junit.framework.AssertionFailedError: Value should be 35770 but is-335344.0
	at junit.framework.Assert.fail(Assert.java:50)
	at junit.framework.Assert.assertTrue(Assert.java:20)
	at cc.mallet.fst.tests.TestCRF.doTestCost(TestCRF.java:368)
	at cc.mallet.fst.tests.TestCRF.testCost(TestCRF.java:374)
</failure>
  </testcase>
  <testcase name="testCostSerialized" classname="cc.mallet.fst.tests.TestCRF" time="0.095">
    <failure message="Value should be 35770 but is-335344.0" type="junit.framework.AssertionFailedError">junit.framework.AssertionFailedError: Value should be 35770 but is-335344.0
	at junit.framework.Assert.fail(Assert.java:50)
	at junit.framework.Assert.assertTrue(Assert.java:20)
	at cc.mallet.fst.tests.TestCRF.doTestCost(TestCRF.java:368)
	at cc.mallet.fst.tests.TestCRF.testCostSerialized(TestCRF.java:378)
</failure>
    <system-err><![CDATA[Wrote out CRF
CRF parameters. hyperbolicPriorSlope: 0.2. hyperbolicPriorSharpness: 10.0. gaussianPriorVariance: 1.0
Read in CRF.
CRF parameters. hyperbolicPriorSlope: 0.2. hyperbolicPriorSharpness: 10.0. gaussianPriorVariance: 1.0
Wrote out CRF
]]></system-err>
  </testcase>
  <testcase name="testValueGradient" classname="cc.mallet.fst.tests.TestCRF" time="5.596"/>
  <testcase name="testTrain" classname="cc.mallet.fst.tests.TestCRF" time="0.428"/>
  <testcase name="testAddOrderNStates" classname="cc.mallet.fst.tests.TestCRF" time="1.792">
    <failure message="expected:&lt;-167.2234457483949&gt; but was:&lt;-363.6238756262383&gt;" type="junit.framework.AssertionFailedError"><![CDATA[junit.framework.AssertionFailedError: expected:<-167.2234457483949> but was:<-363.6238756262383>
	at junit.framework.Assert.fail(Assert.java:50)
	at junit.framework.Assert.failNotEquals(Assert.java:287)
	at junit.framework.Assert.assertEquals(Assert.java:102)
	at junit.framework.Assert.assertEquals(Assert.java:109)
	at cc.mallet.fst.tests.TestCRF.testAddOrderNStates(TestCRF.java:669)
]]></failure>
  </testcase>
  <testcase name="testFrozenWeights" classname="cc.mallet.fst.tests.TestCRF" time="2.175"/>
  <testcase name="testDenseTrain" classname="cc.mallet.fst.tests.TestCRF" time="0.405"/>
  <testcase name="testTrainStochasticGradient" classname="cc.mallet.fst.tests.TestCRF" time="2.84"/>
  <testcase name="testSumLatticeImplementations" classname="cc.mallet.fst.tests.TestCRF" time="33.981"/>
  <testcase name="testSerialization" classname="cc.mallet.fst.tests.TestCRF" time="0.164"/>
  <testcase name="testDenseSerialization" classname="cc.mallet.fst.tests.TestCRF" time="0.18"/>
  <testcase name="testTokenAccuracy" classname="cc.mallet.fst.tests.TestCRF" time="0.219">
    <failure message="expected:&lt;0.9409&gt; but was:&lt;0.9101497504159733&gt;" type="junit.framework.AssertionFailedError"><![CDATA[junit.framework.AssertionFailedError: expected:<0.9409> but was:<0.9101497504159733>
	at junit.framework.Assert.fail(Assert.java:50)
	at junit.framework.Assert.failNotEquals(Assert.java:287)
	at junit.framework.Assert.assertEquals(Assert.java:102)
	at junit.framework.Assert.assertEquals(Assert.java:109)
	at cc.mallet.fst.tests.TestCRF.testTokenAccuracy(TestCRF.java:869)
]]></failure>
  </testcase>
  <testcase name="testCopyStatesAndWeights" classname="cc.mallet.fst.tests.TestCRF" time="0.008"/>
  <testcase name="testStartState" classname="cc.mallet.fst.tests.TestCRF" time="0.005"/>
  <testcase name="testDenseFeatureSelection" classname="cc.mallet.fst.tests.TestCRF" time="0.163"/>
  <testcase name="testXis" classname="cc.mallet.fst.tests.TestCRF" time="0.157"/>
  <testcase name="testStateAddWeights" classname="cc.mallet.fst.tests.TestCRF" time="0.576"/>
</testsuite>