<?xml version="1.0" encoding="UTF-8"?>
<testsuite name="cc.mallet.grmm.test.TestGenericAcrfData2TokenSequence" time="0.004" tests="4" errors="4" skipped="0" failures="0">
  <properties>
[...]
</properties>
  <testcase name="testFromSerialization" classname="cc.mallet.grmm.test.TestGenericAcrfData2TokenSequence" time="0.001">
    <error message="Alphabets don&apos;t match: Instance: [null, 2], InstanceList: [0, 2]&#10;" type="java.lang.IllegalArgumentException">java.lang.IllegalArgumentException: Alphabets don't match: Instance: [null, 2], InstanceList: [0, 2]

	at cc.mallet.types.InstanceList.add(InstanceList.java:335)
	at cc.mallet.types.InstanceList.addThruPipe(InstanceList.java:267)
	at cc.mallet.grmm.test.TestGenericAcrfData2TokenSequence.testFromSerialization(TestGenericAcrfData2TokenSequence.java:62)
</error>
  </testcase>
  <testcase name="testFixedNumLabels" classname="cc.mallet.grmm.test.TestGenericAcrfData2TokenSequence" time="0.001">
    <error message="Alphabets don&apos;t match: Instance: [null, 2], InstanceList: [0, 2]&#10;" type="java.lang.IllegalArgumentException">java.lang.IllegalArgumentException: Alphabets don't match: Instance: [null, 2], InstanceList: [0, 2]

	at cc.mallet.types.InstanceList.add(InstanceList.java:335)
	at cc.mallet.types.InstanceList.addThruPipe(InstanceList.java:267)
	at cc.mallet.grmm.test.TestGenericAcrfData2TokenSequence.testFixedNumLabels(TestGenericAcrfData2TokenSequence.java:95)
</error>
  </testcase>
  <testcase name="testLabelsAtEnd" classname="cc.mallet.grmm.test.TestGenericAcrfData2TokenSequence" time="0.001">
    <error message="Alphabets don&apos;t match: Instance: [null, 2], InstanceList: [0, 2]&#10;" type="java.lang.IllegalArgumentException">java.lang.IllegalArgumentException: Alphabets don't match: Instance: [null, 2], InstanceList: [0, 2]

	at cc.mallet.types.InstanceList.add(InstanceList.java:335)
	at cc.mallet.types.InstanceList.addThruPipe(InstanceList.java:267)
	at cc.mallet.grmm.test.TestGenericAcrfData2TokenSequence.testLabelsAtEnd(TestGenericAcrfData2TokenSequence.java:111)
</error>
  </testcase>
  <testcase name="testNoTokenText" classname="cc.mallet.grmm.test.TestGenericAcrfData2TokenSequence" time="0.001">
    <error message="Alphabets don&apos;t match: Instance: [null, 2], InstanceList: [0, 2]&#10;" type="java.lang.IllegalArgumentException">java.lang.IllegalArgumentException: Alphabets don't match: Instance: [null, 2], InstanceList: [0, 2]

	at cc.mallet.types.InstanceList.add(InstanceList.java:335)
	at cc.mallet.types.InstanceList.addThruPipe(InstanceList.java:267)
	at cc.mallet.grmm.test.TestGenericAcrfData2TokenSequence.testNoTokenText(TestGenericAcrfData2TokenSequence.java:135)
</error>
  </testcase>
</testsuite>