<?xml version="1.0" encoding="UTF-8"?>
<testsuite name="cc.mallet.types.tests.TestPagedInstanceList" time="5.632" tests="1" errors="0" skipped="0" failures="1">
  <properties>
[...]
</properties>
  <testcase name="testRandomTrained" classname="cc.mallet.types.tests.TestPagedInstanceList" time="5.632">
    <failure message="expected:&lt;0.40852575488454707&gt; but was:&lt;0.3428063943161634&gt;" type="junit.framework.AssertionFailedError"><![CDATA[junit.framework.AssertionFailedError: expected:<0.40852575488454707> but was:<0.3428063943161634>
	at junit.framework.Assert.fail(Assert.java:50)
	at junit.framework.Assert.failNotEquals(Assert.java:287)
	at junit.framework.Assert.assertEquals(Assert.java:102)
	at junit.framework.Assert.assertEquals(Assert.java:109)
	at cc.mallet.types.tests.TestPagedInstanceList.testRandomTrained(TestPagedInstanceList.java:61)
]]></failure>
    <system-out><![CDATA[Training set size = 582
Testing set size = 563
Accuracy on training set:
cc.mallet.classify.MaxEnt: 0.8831615120274914
Accuracy on testing set:
cc.mallet.classify.MaxEnt: 0.40852575488454707
Training set size = 582
Testing set size = 563
Accuracy on training set:
cc.mallet.classify.MaxEnt: NaN
Accuracy on testing set:
cc.mallet.classify.MaxEnt: 0.3428063943161634
]]></system-out>
    <system-err><![CDATA[Couldn't open cc.mallet.util.MalletLogger resources/logging.properties file.
 Perhaps the 'resources' directories weren't copied into the 'class' directory.
 Continuing.
]]></system-err>
  </testcase>
</testsuite>