<?xml version="1.0" encoding="UTF-8"?>
<testsuite name="cc.mallet.grmm.test.TestGenericAcrfData2TokenSequence" time="0.004" tests="4" errors="4" skipped="0" failures="0">
  <properties>
    <property name="java.runtime.name" value="OpenJDK Runtime Environment"/>
    <property name="sun.boot.library.path" value="/usr/lib/jvm/java-9-openjdk-amd64/lib/amd64"/>
    <property name="java.vm.version" value="9-internal+0-2016-04-14-195246.buildd.src"/>
    <property name="java.vm.vendor" value="Oracle Corporation"/>
    <property name="maven.multiModuleProjectDirectory" value="/home/santhoshm309/Downloads/mallet-2.0.8"/>
    <property name="java.vendor.url" value="http://java.oracle.com/"/>
    <property name="path.separator" value=":"/>
    <property name="guice.disable.misplaced.annotation.check" value="true"/>
    <property name="java.vm.name" value="OpenJDK 64-Bit Server VM"/>
    <property name="file.encoding.pkg" value="sun.io"/>
    <property name="user.country" value="US"/>
    <property name="sun.java.launcher" value="SUN_STANDARD"/>
    <property name="sun.os.patch.level" value="unknown"/>
    <property name="java.vm.compressedOopsMode" value="32-bit"/>
    <property name="java.vm.specification.name" value="Java Virtual Machine Specification"/>
    <property name="user.dir" value="/home/santhoshm309/Downloads/mallet-2.0.8"/>
    <property name="java.runtime.version" value="9-internal+0-2016-04-14-195246.buildd.src"/>
    <property name="java.awt.graphicsenv" value="sun.awt.X11GraphicsEnvironment"/>
    <property name="os.arch" value="amd64"/>
    <property name="java.io.tmpdir" value="/tmp"/>
    <property name="line.separator" value="&#10;"/>
    <property name="java.vm.specification.vendor" value="Oracle Corporation"/>
    <property name="os.name" value="Linux"/>
    <property name="classworlds.conf" value="/usr/share/maven/bin/m2.conf"/>
    <property name="sun.jnu.encoding" value="UTF-8"/>
    <property name="java.library.path" value="/usr/java/packages/lib/amd64:/usr/lib/x86_64-linux-gnu/jni:/lib/x86_64-linux-gnu:/usr/lib/x86_64-linux-gnu:/usr/lib/jni:/lib:/usr/lib"/>
    <property name="jdk.debug" value="release"/>
    <property name="java.specification.name" value="Java Platform API Specification"/>
    <property name="java.class.version" value="53.0"/>
    <property name="sun.management.compiler" value="HotSpot 64-Bit Tiered Compilers"/>
    <property name="os.version" value="4.13.0-36-generic"/>
    <property name="user.home" value="/root"/>
    <property name="user.timezone" value="Asia/Kolkata"/>
    <property name="java.awt.printerjob" value="sun.print.PSPrinterJob"/>
    <property name="java.specification.version" value="9"/>
    <property name="file.encoding" value="UTF-8"/>
    <property name="user.name" value="root"/>
    <property name="java.class.path" value="/usr/share/maven/boot/plexus-classworlds-2.x.jar"/>
    <property name="java.vm.specification.version" value="9"/>
    <property name="sun.arch.data.model" value="64"/>
    <property name="java.home" value="/usr/lib/jvm/java-9-openjdk-amd64"/>
    <property name="sun.java.command" value="org.codehaus.plexus.classworlds.launcher.Launcher clean install"/>
    <property name="java.specification.vendor" value="Oracle Corporation"/>
    <property name="user.language" value="en"/>
    <property name="awt.toolkit" value="sun.awt.X11.XToolkit"/>
    <property name="java.vm.info" value="mixed mode"/>
    <property name="java.version" value="9-internal"/>
    <property name="securerandom.source" value="file:/dev/./urandom"/>
    <property name="java.vendor" value="Oracle Corporation"/>
    <property name="maven.home" value="/usr/share/maven"/>
    <property name="file.separator" value="/"/>
    <property name="java.vendor.url.bug" value="http://bugreport.java.com/bugreport/"/>
    <property name="sun.cpu.endian" value="little"/>
    <property name="sun.io.unicode.encoding" value="UnicodeLittle"/>
    <property name="sun.cpu.isalist" value=""/>
  </properties>
  <testcase name="testFromSerialization" classname="cc.mallet.grmm.test.TestGenericAcrfData2TokenSequence" time="0.001">
    <error message="Alphabets don&apos;t match: Instance: [null, 2], InstanceList: [0, 2]&#10;" type="java.lang.IllegalArgumentException">java.lang.IllegalArgumentException: Alphabets don't match: Instance: [null, 2], InstanceList: [0, 2]

	at cc.mallet.types.InstanceList.add(InstanceList.java:335)
	at cc.mallet.types.InstanceList.addThruPipe(InstanceList.java:267)
	at cc.mallet.grmm.test.TestGenericAcrfData2TokenSequence.testFromSerialization(TestGenericAcrfData2TokenSequence.java:62)
</error>
  </testcase>
  <testcase name="testFixedNumLabels" classname="cc.mallet.grmm.test.TestGenericAcrfData2TokenSequence" time="0.001">
    <error message="Alphabets don&apos;t match: Instance: [null, 2], InstanceList: [0, 2]&#10;" type="java.lang.IllegalArgumentException">java.lang.IllegalArgumentException: Alphabets don't match: Instance: [null, 2], InstanceList: [0, 2]

	at cc.mallet.types.InstanceList.add(InstanceList.java:335)
	at cc.mallet.types.InstanceList.addThruPipe(InstanceList.java:267)
	at cc.mallet.grmm.test.TestGenericAcrfData2TokenSequence.testFixedNumLabels(TestGenericAcrfData2TokenSequence.java:95)
</error>
  </testcase>
  <testcase name="testLabelsAtEnd" classname="cc.mallet.grmm.test.TestGenericAcrfData2TokenSequence" time="0.001">
    <error message="Alphabets don&apos;t match: Instance: [null, 2], InstanceList: [0, 2]&#10;" type="java.lang.IllegalArgumentException">java.lang.IllegalArgumentException: Alphabets don't match: Instance: [null, 2], InstanceList: [0, 2]

	at cc.mallet.types.InstanceList.add(InstanceList.java:335)
	at cc.mallet.types.InstanceList.addThruPipe(InstanceList.java:267)
	at cc.mallet.grmm.test.TestGenericAcrfData2TokenSequence.testLabelsAtEnd(TestGenericAcrfData2TokenSequence.java:111)
</error>
  </testcase>
  <testcase name="testNoTokenText" classname="cc.mallet.grmm.test.TestGenericAcrfData2TokenSequence" time="0.001">
    <error message="Alphabets don&apos;t match: Instance: [null, 2], InstanceList: [0, 2]&#10;" type="java.lang.IllegalArgumentException">java.lang.IllegalArgumentException: Alphabets don't match: Instance: [null, 2], InstanceList: [0, 2]

	at cc.mallet.types.InstanceList.add(InstanceList.java:335)
	at cc.mallet.types.InstanceList.addThruPipe(InstanceList.java:267)
	at cc.mallet.grmm.test.TestGenericAcrfData2TokenSequence.testNoTokenText(TestGenericAcrfData2TokenSequence.java:135)
</error>
  </testcase>
</testsuite>