<?xml version="1.0" encoding="UTF-8"?>
<testsuite name="cc.mallet.extract.test.TestPerDocumentF1Evaluator" time="0.05" tests="5" errors="0" skipped="0" failures="1">
  <properties>
[...]
</properties>
  <testcase name="testPerDocEval" classname="cc.mallet.extract.test.TestPerDocumentF1Evaluator" time="0.026"/>
  <testcase name="testPerFieldEval" classname="cc.mallet.extract.test.TestPerDocumentF1Evaluator" time="0.011"/>
  <testcase name="testToStdout" classname="cc.mallet.extract.test.TestPerDocumentF1Evaluator" time="0.002"/>
  <testcase name="testPunctuationIgnoringEvaluator" classname="cc.mallet.extract.test.TestPerDocumentF1Evaluator" time="0.004">
    <failure message="expected:&lt;...t	Pred	Target&#10;title	[2	4	5&#10;O	0	0	0&#10;author	3	4	5&#10;&#10;Testing per-field F1&#10;Name	P	R	F1&#10;title	0.5	0.4	0.4444&#10;O	0	1	0&#10;author	0.75	0.6	0.6667&#10;OVERALL (micro-averaged) P=0.625 R=0.5 F1=0.5556&#10;OVERALL (macro-averaged) F1=0.5556]&#10;&#10;&gt; but was:&lt;...t	Pred	Target&#10;title	[1	4	5&#10;O	0	0	0&#10;author	3	4	5&#10;&#10;Testing per-field F1&#10;Name	P	R	F1&#10;title	0.25	0.2	0.2222&#10;O	0	1	0&#10;author	0.75	0.6	0.6667&#10;OVERALL (micro-averaged) P=0.5 R=0.4 F1=0.4444&#10;OVERALL (macro-averaged) F1=0.4444]&#10;&#10;&gt;" type="junit.framework.ComparisonFailure"><![CDATA[junit.framework.ComparisonFailure: expected:<...t	Pred	Target
title	[2	4	5
O	0	0	0
author	3	4	5

Testing per-field F1
Name	P	R	F1
title	0.5	0.4	0.4444
O	0	1	0
author	0.75	0.6	0.6667
OVERALL (micro-averaged) P=0.625 R=0.5 F1=0.5556
OVERALL (macro-averaged) F1=0.5556]

> but was:<...t	Pred	Target
title	[1	4	5
O	0	0	0
author	3	4	5

Testing per-field F1
Name	P	R	F1
title	0.25	0.2	0.2222
O	0	1	0
author	0.75	0.6	0.6667
OVERALL (micro-averaged) P=0.5 R=0.4 F1=0.4444
OVERALL (macro-averaged) F1=0.4444]

>
	at junit.framework.Assert.assertEquals(Assert.java:85)
	at junit.framework.Assert.assertEquals(Assert.java:91)
	at cc.mallet.extract.test.TestPerDocumentF1Evaluator.testPunctuationIgnoringEvaluator(TestPerDocumentF1Evaluator.java:181)
]]></failure>
  </testcase>
  <testcase name="testFieldCleaning" classname="cc.mallet.extract.test.TestPerDocumentF1Evaluator" time="0.007"/>
</testsuite>